jetbrains.com
download.jetbrains.com
plugins.jetbrains.com
account.jetbrains.com
cloudconfig.jetbrains.com

dis.gd 
discord.co 
discord.com 
discord.design 
discord.dev 
discord.gg 
discord.gift 
discord.gifts 
discord.media 
discord.new 
discord.store 
discord.tools 
discordapp.com 
discordapp.net 
discordmerch.com
discordpartygames.com 
discord-activities.com 
discordactivities.com 
discordsays.com
discord-attachments-uploads-prd.storage.googleapis.com

spotify.com
open.spotify.com
accounts.spotify.com
open.spotifycdn.com

builds.parsec.app

instagram.com
cdninstagram.com